<?xml version="1.0" encoding="UTF-8"?>
<testsuite name="ee.taltech.inbankbackend.endpoint.DecisionEngineControllerTest" tests="1" skipped="0" failures="0" errors="0" timestamp="2025-03-25T17:19:28" hostname="DESKTOP-2S6T0T1" time="0.268">
  <properties/>
  <testcase name="givenUnexpectedError_whenRequestDecision_thenReturnsInternalServerError()" classname="ee.taltech.inbankbackend.endpoint.DecisionEngineControllerTest" time="0.268"/>
  <system-out><![CDATA[19:19:26.191 [Test worker] DEBUG org.springframework.boot.test.context.SpringBootTestContextBootstrapper - Neither @ContextConfiguration nor @ContextHierarchy found for test class [DecisionEngineControllerTest]: using SpringBootContextLoader
19:19:26.197 [Test worker] DEBUG org.springframework.test.context.support.AbstractContextLoader - Could not detect default resource locations for test class [ee.taltech.inbankbackend.endpoint.DecisionEngineControllerTest]: no resource found for suffixes {-context.xml, Context.groovy}.
19:19:26.198 [Test worker] INFO org.springframework.test.context.support.AnnotationConfigContextLoaderUtils - Could not detect default configuration classes for test class [ee.taltech.inbankbackend.endpoint.DecisionEngineControllerTest]: DecisionEngineControllerTest does not declare any static, non-private, non-final, nested classes annotated with @Configuration.
19:19:26.242 [Test worker] DEBUG org.springframework.boot.test.context.SpringBootTestContextBootstrapper - Using ContextCustomizers for test class [DecisionEngineControllerTest]: [DisableObservabilityContextCustomizer, PropertyMappingContextCustomizer, Customizer, ImportsContextCustomizer, ExcludeFilterContextCustomizer, DuplicateJsonObjectContextCustomizer, MockitoContextCustomizer, TestRestTemplateContextCustomizer]
19:19:26.348 [Test worker] DEBUG org.springframework.context.annotation.ClassPathScanningCandidateComponentProvider - Identified candidate component class: file [C:\Users\Veljo\Documents\GitHub\intern-decision-engine-backend\build\classes\java\main\ee\taltech\inbankbackend\InbankBackendApplication.class]
19:19:26.350 [Test worker] INFO org.springframework.boot.test.context.SpringBootTestContextBootstrapper - Found @SpringBootConfiguration ee.taltech.inbankbackend.InbankBackendApplication for test class ee.taltech.inbankbackend.endpoint.DecisionEngineControllerTest
19:19:26.483 [Test worker] DEBUG org.springframework.test.context.util.TestContextSpringFactoriesUtils - Skipping candidate TestExecutionListener [org.springframework.test.context.transaction.TransactionalTestExecutionListener] due to a missing dependency. Specify custom TestExecutionListener classes or make the default TestExecutionListener classes and their required dependencies available. Offending class: [org/springframework/transaction/interceptor/TransactionAttributeSource]
19:19:26.485 [Test worker] DEBUG org.springframework.test.context.util.TestContextSpringFactoriesUtils - Skipping candidate TestExecutionListener [org.springframework.test.context.jdbc.SqlScriptsTestExecutionListener] due to a missing dependency. Specify custom TestExecutionListener classes or make the default TestExecutionListener classes and their required dependencies available. Offending class: [org/springframework/transaction/interceptor/TransactionAttribute]
19:19:26.487 [Test worker] DEBUG org.springframework.boot.test.context.SpringBootTestContextBootstrapper - Using TestExecutionListeners for test class [DecisionEngineControllerTest]: [ServletTestExecutionListener, DirtiesContextBeforeModesTestExecutionListener, ApplicationEventsTestExecutionListener, MockitoTestExecutionListener, DependencyInjectionTestExecutionListener, DirtiesContextTestExecutionListener, EventPublishingTestExecutionListener, RestDocsTestExecutionListener, MockRestServiceServerResetTestExecutionListener, MockMvcPrintOnlyOnFailureTestExecutionListener, WebDriverTestExecutionListener, MockWebServiceServerTestExecutionListener, ResetMocksTestExecutionListener]
19:19:26.489 [Test worker] DEBUG org.springframework.test.context.support.AbstractDirtiesContextTestExecutionListener - Before test class: class [DecisionEngineControllerTest], class annotated with @DirtiesContext [false] with mode [null]

  .   ____          _            __ _ _
 /\\ / ___'_ __ _ _(_)_ __  __ _ \ \ \ \
( ( )\___ | '_ | '_| | '_ \/ _` | \ \ \ \
 \\/  ___)| |_)| | | | | || (_| |  ) ) ) )
  '  |____| .__|_| |_|_| |_\__, | / / / /
 =========|_|==============|___/=/_/_/_/
 :: Spring Boot ::                (v3.0.4)

2025-03-25T19:19:26.758+02:00  INFO 25228 --- [    Test worker] e.t.i.e.DecisionEngineControllerTest     : Starting DecisionEngineControllerTest using Java 19.0.2 with PID 25228 (started by Veljo in C:\Users\Veljo\Documents\GitHub\intern-decision-engine-backend)
2025-03-25T19:19:26.759+02:00  INFO 25228 --- [    Test worker] e.t.i.e.DecisionEngineControllerTest     : No active profile set, falling back to 1 default profile: "default"
2025-03-25T19:19:28.328+02:00  INFO 25228 --- [    Test worker] o.s.b.t.m.w.SpringBootMockServletContext : Initializing Spring TestDispatcherServlet ''
2025-03-25T19:19:28.329+02:00  INFO 25228 --- [    Test worker] o.s.t.web.servlet.TestDispatcherServlet  : Initializing Servlet ''
2025-03-25T19:19:28.331+02:00  INFO 25228 --- [    Test worker] o.s.t.web.servlet.TestDispatcherServlet  : Completed initialization in 0 ms
2025-03-25T19:19:28.355+02:00  INFO 25228 --- [    Test worker] e.t.i.e.DecisionEngineControllerTest     : Started DecisionEngineControllerTest in 1.823 seconds (process running for 3.044)
]]></system-out>
  <system-err><![CDATA[]]></system-err>
</testsuite>
